<?xml version="1.0" encoding="UTF-8" ?>
<testsuite tests="0" failures="0" name="org.tht.TestAuxiliary" time="0" errors="0" skipped="0">
  <properties>
    <property name="idea.version" value="2022.2"/>
    <property name="java.runtime.name" value="OpenJDK Runtime Environment"/>
    <property name="java.vm.version" value="17.0.3+7-LTS"/>
    <property name="sun.boot.library.path" value="C:\Program Files\Microsoft\jdk-17.0.3.7-hotspot\bin"/>
    <property name="maven.multiModuleProjectDirectory" value="C:\Users\ap1\IdeaProjects\WebPush"/>
    <property name="java.vm.vendor" value="Microsoft"/>
    <property name="java.vendor.url" value="https://www.microsoft.com"/>
    <property name="guice.disable.misplaced.annotation.check" value="true"/>
    <property name="path.separator" value=";"/>
    <property name="java.vm.name" value="OpenJDK 64-Bit Server VM"/>
    <property name="sun.os.patch.level" value=""/>
    <property name="user.script" value=""/>
    <property name="user.country" value="US"/>
    <property name="sun.java.launcher" value="SUN_STANDARD"/>
    <property name="java.vm.specification.name" value="Java Virtual Machine Specification"/>
    <property name="user.dir" value="C:\Users\ap1\IdeaProjects\WebPush"/>
    <property name="java.vm.compressedOopsMode" value="Zero based"/>
    <property name="java.runtime.version" value="17.0.3+7-LTS"/>
    <property name="os.arch" value="amd64"/>
    <property name="java.io.tmpdir" value="C:\Users\ap1\AppData\Local\Temp\"/>
    <property name="line.separator" value="
"/>
    <property name="java.vm.specification.vendor" value="Oracle Corporation"/>
    <property name="user.variant" value=""/>
    <property name="os.name" value="Windows 10"/>
    <property name="maven.ext.class.path" value="D:\Program Files\JetBrains\IntelliJ IDEA Community Edition 2022.2\plugins\maven\lib\maven-event-listener.jar"/>
    <property name="classworlds.conf" value="D:\Program Files\JetBrains\IntelliJ IDEA Community Edition 2022.2\plugins\maven\lib\maven3\bin\m2.conf"/>
    <property name="sun.jnu.encoding" value="Cp1252"/>
    <property name="java.library.path" value="C:\Program Files\Microsoft\jdk-17.0.3.7-hotspot\bin;C:\Windows\Sun\Java\bin;C:\Windows\system32;C:\Windows;C:\Program Files\Microsoft\jdk-17.0.3.7-hotspot\bin;C:\Program Files\Python310\Scripts\;C:\Program Files\Python310\;c:\Rtools\bin;c:\Rtools\mingw_32\bin;C:\Program Files\OpenJDK\jdk-11.0.10.9-hotspot\bin;C:\Program Files\Python3\Scripts\;C:\Program Files\Python3\;C:\Windows\system32;C:\Windows;C:\Windows\System32\Wbem;C:\Windows\System32\WindowsPowerShell\v1.0\;C:\Windows\System32\OpenSSH\;C:\Program Files\dotnet\;C:\Program Files\VSCodium\bin;D:\Misc\Microsoft VS Code\bin;C:\Program Files\mingw-w64\x86_64-8.1.0-posix-seh-rt_v6-rev0\mingw64\bin;C:\Program Files (x86)\NVIDIA Corporation\PhysX\Common;C:\Program Files\NVIDIA Corporation\NVIDIA NvDLISR;C:\ProgramData\chocolatey\bin;D:\xampp\mysql\bin;C:\Program Files\Apache Maven\3.8.6\bin;C:\Users\ap1\AppData\Local\Microsoft\WindowsApps;;D:\Program Files\JetBrains\IntelliJ IDEA Community Edition 2022.2\bin;;."/>
    <property name="maven.conf" value="D:\Program Files\JetBrains\IntelliJ IDEA Community Edition 2022.2\plugins\maven\lib\maven3/conf"/>
    <property name="jdk.debug" value="release"/>
    <property name="java.class.version" value="61.0"/>
    <property name="java.specification.name" value="Java Platform API Specification"/>
    <property name="sun.management.compiler" value="HotSpot 64-Bit Tiered Compilers"/>
    <property name="os.version" value="10.0"/>
    <property name="user.home" value="C:\Users\ap1"/>
    <property name="user.timezone" value="Asia/Tomsk"/>
    <property name="file.encoding" value="UTF-8"/>
    <property name="java.specification.version" value="17"/>
    <property name="user.name" value="ap1"/>
    <property name="java.class.path" value="D:\Program Files\JetBrains\IntelliJ IDEA Community Edition 2022.2\plugins\maven\lib\maven3\boot\plexus-classworlds-2.6.0.jar;D:\Program Files\JetBrains\IntelliJ IDEA Community Edition 2022.2\plugins\maven\lib\maven3\boot\plexus-classworlds.license"/>
    <property name="java.vm.specification.version" value="17"/>
    <property name="sun.arch.data.model" value="64"/>
    <property name="sun.java.command" value="org.codehaus.classworlds.Launcher -Didea.version=2022.2 clean install"/>
    <property name="java.home" value="C:\Program Files\Microsoft\jdk-17.0.3.7-hotspot"/>
    <property name="user.language" value="en"/>
    <property name="java.specification.vendor" value="Oracle Corporation"/>
    <property name="java.vm.info" value="mixed mode, sharing"/>
    <property name="java.version" value="17.0.3"/>
    <property name="native.encoding" value="Cp1252"/>
    <property name="java.vendor" value="Microsoft"/>
    <property name="maven.home" value="D:\Program Files\JetBrains\IntelliJ IDEA Community Edition 2022.2\plugins\maven\lib\maven3"/>
    <property name="file.separator" value="\"/>
    <property name="java.version.date" value="2022-04-19"/>
    <property name="java.vendor.url.bug" value="https://github.com/microsoft/openjdk/issues"/>
    <property name="sun.io.unicode.encoding" value="UnicodeLittle"/>
    <property name="sun.cpu.endian" value="little"/>
    <property name="java.vendor.version" value="Microsoft-32931"/>
    <property name="sun.cpu.isalist" value="amd64"/>
  </properties>
</testsuite>